<?xml version="1.0" encoding="UTF-8"?>
<!-- Generated by org.testng.reporters.JUnitXMLReporter -->
<testsuite ignored="0" hostname="DESKTOP-5JUK7N0" failures="0" tests="6" name="Default test" time="154.782" errors="0" timestamp="2022-09-25T10:41:49 IST">
  <testcase classname="test.ConvertTest" name="convertCorency" time="7.534"/>
  <testcase classname="test.ConvertTest" name="convertCorency" time="6.63"/>
  <testcase classname="test.ConvertTest" name="convertCorency" time="6.371"/>
  <testcase classname="test.ConvertTest" name="convertCorency" time="6.965"/>
  <testcase classname="test.ConvertTest" name="convertCorency" time="6.335"/>
  <testcase classname="test.ConvertTest" name="convertCorency" time="6.071"/>
</testsuite> <!-- Default test -->
