<?xml version="1.0" encoding="UTF-8"?>
<!-- Generated by org.testng.reporters.JUnitXMLReporter -->
<testsuite ignored="0" hostname="DESKTOP-5JUK7N0" failures="0" tests="6" name="Test" time="186.818" errors="0" timestamp="2022-09-25T22:02:40 IST">
  <testcase classname="test.ConvertTest" name="convertCorency" time="6.997"/>
  <testcase classname="test.ConvertTest" name="convertCorency" time="6.302"/>
  <testcase classname="test.ConvertTest" name="convertCorency" time="6.878"/>
  <testcase classname="test.ConvertTest" name="convertCorency" time="5.331"/>
  <testcase classname="test.ConvertTest" name="convertCorency" time="6.043"/>
  <testcase classname="test.ConvertTest" name="convertCorency" time="6.198"/>
</testsuite> <!-- Test -->
