<?xml version="1.0" encoding="UTF-8"?>
<testng-results ignored="0" total="6" passed="6" failed="0" skipped="0">
  <reporter-output>
  </reporter-output>
  <suite started-at="2022-09-25T21:59:33 IST" name="Suite" finished-at="2022-09-25T22:02:40 IST" duration-ms="186818">
    <groups>
    </groups>
    <test started-at="2022-09-25T21:59:33 IST" name="Test" finished-at="2022-09-25T22:02:40 IST" duration-ms="186818">
      <class name="test.ConvertTest">
        <test-method is-config="true" signature="beforeMethod()[pri:0, instance:test.ConvertTest@37d4349f]" started-at="2022-09-25T21:59:34 IST" name="beforeMethod" finished-at="2022-09-25T22:00:12 IST" duration-ms="37948" status="PASS">
          <reporter-output>
          </reporter-output>
        </test-method> <!-- beforeMethod -->
        <test-method signature="convertCorency(java.lang.String,java.lang.String,java.lang.String)[pri:0, instance:test.ConvertTest@37d4349f]" started-at="2022-09-25T22:00:12 IST" name="convertCorency" data-provider="getData" finished-at="2022-09-25T22:00:19 IST" duration-ms="6997" status="PASS">
          <params>
            <param index="0">
              <value>
                <![CDATA[1]]>
              </value>
            </param>
            <param index="1">
              <value>
                <![CDATA[INR]]>
              </value>
            </param>
            <param index="2">
              <value>
                <![CDATA[USD]]>
              </value>
            </param>
          </params>
          <reporter-output>
          </reporter-output>
        </test-method> <!-- convertCorency -->
        <test-method is-config="true" signature="afterMethod()[pri:0, instance:test.ConvertTest@37d4349f]" started-at="2022-09-25T22:00:19 IST" name="afterMethod" finished-at="2022-09-25T22:00:20 IST" duration-ms="803" status="PASS">
          <reporter-output>
          </reporter-output>
        </test-method> <!-- afterMethod -->
        <test-method is-config="true" signature="beforeMethod()[pri:0, instance:test.ConvertTest@37d4349f]" started-at="2022-09-25T22:00:20 IST" name="beforeMethod" finished-at="2022-09-25T22:00:38 IST" duration-ms="17972" status="PASS">
          <reporter-output>
          </reporter-output>
        </test-method> <!-- beforeMethod -->
        <test-method signature="convertCorency(java.lang.String,java.lang.String,java.lang.String)[pri:0, instance:test.ConvertTest@37d4349f]" started-at="2022-09-25T22:00:38 IST" name="convertCorency" data-provider="getData" finished-at="2022-09-25T22:00:44 IST" duration-ms="6302" status="PASS">
          <params>
            <param index="0">
              <value>
                <![CDATA[1]]>
              </value>
            </param>
            <param index="1">
              <value>
                <![CDATA[INR]]>
              </value>
            </param>
            <param index="2">
              <value>
                <![CDATA[EUR]]>
              </value>
            </param>
          </params>
          <reporter-output>
          </reporter-output>
        </test-method> <!-- convertCorency -->
        <test-method is-config="true" signature="afterMethod()[pri:0, instance:test.ConvertTest@37d4349f]" started-at="2022-09-25T22:00:44 IST" name="afterMethod" finished-at="2022-09-25T22:00:45 IST" duration-ms="522" status="PASS">
          <reporter-output>
          </reporter-output>
        </test-method> <!-- afterMethod -->
        <test-method is-config="true" signature="beforeMethod()[pri:0, instance:test.ConvertTest@37d4349f]" started-at="2022-09-25T22:00:45 IST" name="beforeMethod" finished-at="2022-09-25T22:01:05 IST" duration-ms="20598" status="PASS">
          <reporter-output>
          </reporter-output>
        </test-method> <!-- beforeMethod -->
        <test-method signature="convertCorency(java.lang.String,java.lang.String,java.lang.String)[pri:0, instance:test.ConvertTest@37d4349f]" started-at="2022-09-25T22:01:05 IST" name="convertCorency" data-provider="getData" finished-at="2022-09-25T22:01:12 IST" duration-ms="6878" status="PASS">
          <params>
            <param index="0">
              <value>
                <![CDATA[1]]>
              </value>
            </param>
            <param index="1">
              <value>
                <![CDATA[INR]]>
              </value>
            </param>
            <param index="2">
              <value>
                <![CDATA[GBP]]>
              </value>
            </param>
          </params>
          <reporter-output>
          </reporter-output>
        </test-method> <!-- convertCorency -->
        <test-method is-config="true" signature="afterMethod()[pri:0, instance:test.ConvertTest@37d4349f]" started-at="2022-09-25T22:01:12 IST" name="afterMethod" finished-at="2022-09-25T22:01:13 IST" duration-ms="584" status="PASS">
          <reporter-output>
          </reporter-output>
        </test-method> <!-- afterMethod -->
        <test-method is-config="true" signature="beforeMethod()[pri:0, instance:test.ConvertTest@37d4349f]" started-at="2022-09-25T22:01:13 IST" name="beforeMethod" finished-at="2022-09-25T22:01:42 IST" duration-ms="29767" status="PASS">
          <reporter-output>
          </reporter-output>
        </test-method> <!-- beforeMethod -->
        <test-method signature="convertCorency(java.lang.String,java.lang.String,java.lang.String)[pri:0, instance:test.ConvertTest@37d4349f]" started-at="2022-09-25T22:01:42 IST" name="convertCorency" data-provider="getData" finished-at="2022-09-25T22:01:48 IST" duration-ms="5331" status="PASS">
          <params>
            <param index="0">
              <value>
                <![CDATA[1]]>
              </value>
            </param>
            <param index="1">
              <value>
                <![CDATA[INR]]>
              </value>
            </param>
            <param index="2">
              <value>
                <![CDATA[SGD]]>
              </value>
            </param>
          </params>
          <reporter-output>
          </reporter-output>
        </test-method> <!-- convertCorency -->
        <test-method is-config="true" signature="afterMethod()[pri:0, instance:test.ConvertTest@37d4349f]" started-at="2022-09-25T22:01:48 IST" name="afterMethod" finished-at="2022-09-25T22:01:49 IST" duration-ms="713" status="PASS">
          <reporter-output>
          </reporter-output>
        </test-method> <!-- afterMethod -->
        <test-method is-config="true" signature="beforeMethod()[pri:0, instance:test.ConvertTest@37d4349f]" started-at="2022-09-25T22:01:49 IST" name="beforeMethod" finished-at="2022-09-25T22:02:09 IST" duration-ms="20005" status="PASS">
          <reporter-output>
          </reporter-output>
        </test-method> <!-- beforeMethod -->
        <test-method signature="convertCorency(java.lang.String,java.lang.String,java.lang.String)[pri:0, instance:test.ConvertTest@37d4349f]" started-at="2022-09-25T22:02:09 IST" name="convertCorency" data-provider="getData" finished-at="2022-09-25T22:02:15 IST" duration-ms="6043" status="PASS">
          <params>
            <param index="0">
              <value>
                <![CDATA[1]]>
              </value>
            </param>
            <param index="1">
              <value>
                <![CDATA[INR]]>
              </value>
            </param>
            <param index="2">
              <value>
                <![CDATA[AUD]]>
              </value>
            </param>
          </params>
          <reporter-output>
          </reporter-output>
        </test-method> <!-- convertCorency -->
        <test-method is-config="true" signature="afterMethod()[pri:0, instance:test.ConvertTest@37d4349f]" started-at="2022-09-25T22:02:15 IST" name="afterMethod" finished-at="2022-09-25T22:02:15 IST" duration-ms="576" status="PASS">
          <reporter-output>
          </reporter-output>
        </test-method> <!-- afterMethod -->
        <test-method is-config="true" signature="beforeMethod()[pri:0, instance:test.ConvertTest@37d4349f]" started-at="2022-09-25T22:02:15 IST" name="beforeMethod" finished-at="2022-09-25T22:02:33 IST" duration-ms="17678" status="PASS">
          <reporter-output>
          </reporter-output>
        </test-method> <!-- beforeMethod -->
        <test-method signature="convertCorency(java.lang.String,java.lang.String,java.lang.String)[pri:0, instance:test.ConvertTest@37d4349f]" started-at="2022-09-25T22:02:33 IST" name="convertCorency" data-provider="getData" finished-at="2022-09-25T22:02:39 IST" duration-ms="6198" status="PASS">
          <params>
            <param index="0">
              <value>
                <![CDATA[1]]>
              </value>
            </param>
            <param index="1">
              <value>
                <![CDATA[INR]]>
              </value>
            </param>
            <param index="2">
              <value>
                <![CDATA[CAD]]>
              </value>
            </param>
          </params>
          <reporter-output>
          </reporter-output>
        </test-method> <!-- convertCorency -->
        <test-method is-config="true" signature="afterMethod()[pri:0, instance:test.ConvertTest@37d4349f]" started-at="2022-09-25T22:02:39 IST" name="afterMethod" finished-at="2022-09-25T22:02:40 IST" duration-ms="576" status="PASS">
          <reporter-output>
          </reporter-output>
        </test-method> <!-- afterMethod -->
      </class> <!-- test.ConvertTest -->
    </test> <!-- Test -->
  </suite> <!-- Suite -->
</testng-results>
